<?xml version="1.0" encoding="UTF-8"?>
<!-- Generated by org.testng.reporters.JUnitXMLReporter -->
<testsuite hostname="AZVDCNKCR0269-0" failures="0" tests="1" name="test-1" time="8.924" errors="0" timestamp="25 Aug 2023 17:14:40 GMT">
  <testcase classname="com.orangeHRM.test.OrangeHRM_Login" name="urlTest" time="0.0">
    <skipped/>
  </testcase> <!-- urlTest -->
</testsuite> <!-- test-1 -->
